#
# There is insufficient memory for the Java Runtime Environment to continue.
# Native memory allocation (malloc) failed to allocate 286576 bytes for Chunk::new
# Possible reasons:
#   The system is out of physical RAM or swap space
#   The process is running with CompressedOops enabled, and the Java Heap may be blocking the growth of the native heap
# Possible solutions:
#   Reduce memory load on the system
#   Increase physical memory or swap space
#   Check if swap backing store is full
#   Decrease Java heap size (-Xmx/-Xms)
#   Decrease number of Java threads
#   Decrease Java thread stack sizes (-Xss)
#   Set larger code cache with -XX:ReservedCodeCacheSize=
#   JVM is running with Unscaled Compressed Oops mode in which the Java heap is
#     placed in the first 4GB address space. The Java Heap base address is the
#     maximum limit for the native heap growth. Please use -XX:HeapBaseMinAddress
#     to set the Java Heap base and to place the Java Heap above 4GB virtual address.
# This output file may be truncated or incomplete.
#
#  Out of Memory Error (./src/hotspot/share/memory/arena.cpp:197), pid=32644, tid=23932
#
# JRE version: OpenJDK Runtime Environment AdoptOpenJDK (11.0.8+10) (build 11.0.8+10)
# Java VM: OpenJDK 64-Bit Server VM AdoptOpenJDK (11.0.8+10, mixed mode, tiered, compressed oops, g1 gc, windows-amd64)
# No core dump will be written. Minidumps are not enabled by default on client versions of Windows
#

---------------  S U M M A R Y ------------

Command Line: -Dorg.gradle.appname=gradlew org.gradle.wrapper.GradleWrapperMain -q -Ptarget-platform=android-x86 -Ptarget=D:\Flutter Projects\i_am_rich\lib\main.dart -Ptrack-widget-creation=true -Pfilesystem-scheme=org-dartlang-root -Pdart-defines=flutter.inspector.structuredErrors%3Dtrue assembleDebug

Host: Intel(R) Core(TM) i7-10510U CPU @ 1.80GHz, 8 cores, 7G,  Windows 10 , 64 bit Build 18362 (10.0.18362.1500)
Time: Mon Apr 19 16:01:08 2021 India Standard Time elapsed time: 1 seconds (0d 0h 0m 1s)

---------------  T H R E A D  ---------------

Current thread (0x00000278fd0a7800):  JavaThread "C2 CompilerThread0" daemon [_thread_in_native, id=23932, stack(0x000000bbe4900000,0x000000bbe4a00000)]


Current CompileTask:
C2:   1195  782  s!   4       jdk.internal.loader.URLClassPath::getLoader (194 bytes)

Stack: [0x000000bbe4900000,0x000000bbe4a00000]
Native frames: (J=compiled Java code, j=interpreted, Vv=VM code, C=native code)
V  [jvm.dll+0x5dfa5a]
V  [jvm.dll+0x7175ce]
V  [jvm.dll+0x718c9f]
V  [jvm.dll+0x719363]
V  [jvm.dll+0x240e48]
V  [jvm.dll+0xb96ac]
V  [jvm.dll+0xb9dac]
V  [jvm.dll+0x346387]
V  [jvm.dll+0x314173]
V  [jvm.dll+0x3134ba]
V  [jvm.dll+0x1fa925]
V  [jvm.dll+0x1f9adf]
V  [jvm.dll+0x17e4ec]
V  [jvm.dll+0x208f27]
V  [jvm.dll+0x20710b]
V  [jvm.dll+0x6dc339]
V  [jvm.dll+0x6d53e4]
V  [jvm.dll+0x5de996]
C  [ucrtbase.dll+0x210b2]
C  [KERNEL32.DLL+0x17c24]
C  [ntdll.dll+0x6d721]


---------------  P R O C E S S  ---------------

Threads class SMR info:
_java_thread_list=0x00000278fdbb9e70, length=10, elements={
0x00000278ed21a800, 0x00000278fd08c000, 0x00000278fd095800, 0x00000278fd0a3000,
0x00000278fd0a5000, 0x00000278fd0a7800, 0x00000278fd0a9800, 0x00000278fd0ab000,
0x00000278fdbbc800, 0x00000278fdbc6800
}

Java Threads: ( => current thread )
  0x00000278ed21a800 JavaThread "main" [_thread_in_vm, id=22100, stack(0x000000bbe3e00000,0x000000bbe3f00000)]
  0x00000278fd08c000 JavaThread "Reference Handler" daemon [_thread_blocked, id=29820, stack(0x000000bbe4500000,0x000000bbe4600000)]
  0x00000278fd095800 JavaThread "Finalizer" daemon [_thread_blocked, id=19048, stack(0x000000bbe4600000,0x000000bbe4700000)]
  0x00000278fd0a3000 JavaThread "Signal Dispatcher" daemon [_thread_blocked, id=24980, stack(0x000000bbe4700000,0x000000bbe4800000)]
  0x00000278fd0a5000 JavaThread "Attach Listener" daemon [_thread_blocked, id=3276, stack(0x000000bbe4800000,0x000000bbe4900000)]
=>0x00000278fd0a7800 JavaThread "C2 CompilerThread0" daemon [_thread_in_native, id=23932, stack(0x000000bbe4900000,0x000000bbe4a00000)]
  0x00000278fd0a9800 JavaThread "C1 CompilerThread0" daemon [_thread_blocked, id=30280, stack(0x000000bbe4a00000,0x000000bbe4b00000)]
  0x00000278fd0ab000 JavaThread "Sweeper thread" daemon [_thread_blocked, id=32316, stack(0x000000bbe4b00000,0x000000bbe4c00000)]
  0x00000278fdbbc800 JavaThread "Service Thread" daemon [_thread_blocked, id=32196, stack(0x000000bbe4c00000,0x000000bbe4d00000)]
  0x00000278fdbc6800 JavaThread "Common-Cleaner" daemon [_thread_blocked, id=28016, stack(0x000000bbe4e00000,0x000000bbe4f00000)]

Other Threads:
  0x00000278fd088000 VMThread "VM Thread" [stack: 0x000000bbe4400000,0x000000bbe4500000] [id=31912]
  0x00000278fdbc0800 WatcherThread [stack: 0x000000bbe4d00000,0x000000bbe4e00000] [id=22312]
  0x00000278ed233000 GCTaskThread "GC Thread#0" [stack: 0x000000bbe3f00000,0x000000bbe4000000] [id=25792]
  0x00000278ed264800 ConcurrentGCThread "G1 Main Marker" [stack: 0x000000bbe4000000,0x000000bbe4100000] [id=26448]
  0x00000278ed266000 ConcurrentGCThread "G1 Conc#0" [stack: 0x000000bbe4100000,0x000000bbe4200000] [id=30164]
  0x00000278fced1800 ConcurrentGCThread "G1 Refine#0" [stack: 0x000000bbe4200000,0x000000bbe4300000] [id=29280]
  0x00000278ed2ec000 ConcurrentGCThread "G1 Young RemSet Sampling" [stack: 0x000000bbe4300000,0x000000bbe4400000] [id=9828]

Threads with active compile tasks:
C2 CompilerThread0   1230  782  s!   4       jdk.internal.loader.URLClassPath::getLoader (194 bytes)

VM state:not at safepoint (normal execution)

VM Mutex/Monitor currently owned by a thread: None

Heap address: 0x0000000082e00000, size: 2002 MB, Compressed Oops mode: 32-bit
Narrow klass base: 0x0000000000000000, Narrow klass shift: 3
Compressed class space size: 1073741824 Address: 0x0000000100000000

Heap:
 garbage-first heap   total 129024K, used 24576K [0x0000000082e00000, 0x0000000100000000)
  region size 1024K, 20 young (20480K), 0 survivors (0K)
 Metaspace       used 10733K, capacity 10937K, committed 11264K, reserved 1058816K
  class space    used 1120K, capacity 1195K, committed 1280K, reserved 1048576K
Heap Regions: E=young(eden), S=young(survivor), O=old, HS=humongous(starts), HC=humongous(continues), CS=collection set, F=free, A=archive, TAMS=top-at-mark-start (previous, next)
|   0|0x0000000082e00000, 0x0000000082f00000, 0x0000000082f00000|100%|HS|  |TAMS 0x0000000082e00000, 0x0000000082e00000| Complete 
|   1|0x0000000082f00000, 0x0000000083000000, 0x0000000083000000|100%|HC|  |TAMS 0x0000000082f00000, 0x0000000082f00000| Complete 
|   2|0x0000000083000000, 0x0000000083100000, 0x0000000083100000|100%|HC|  |TAMS 0x0000000083000000, 0x0000000083000000| Complete 
|   3|0x0000000083100000, 0x0000000083200000, 0x0000000083200000|100%|HS|  |TAMS 0x0000000083100000, 0x0000000083100000| Complete 
|   4|0x0000000083200000, 0x0000000083300000, 0x0000000083300000|100%|HC|  |TAMS 0x0000000083200000, 0x0000000083200000| Complete 
|   5|0x0000000083300000, 0x0000000083400000, 0x0000000083400000|100%|HC|  |TAMS 0x0000000083300000, 0x0000000083300000| Complete 
|   6|0x0000000083400000, 0x0000000083400000, 0x0000000083500000|  0%| F|  |TAMS 0x0000000083400000, 0x0000000083400000| Untracked 
|   7|0x0000000083500000, 0x0000000083500000, 0x0000000083600000|  0%| F|  |TAMS 0x0000000083500000, 0x0000000083500000| Untracked 
|   8|0x0000000083600000, 0x0000000083600000, 0x0000000083700000|  0%| F|  |TAMS 0x0000000083600000, 0x0000000083600000| Untracked 
|   9|0x0000000083700000, 0x0000000083700000, 0x0000000083800000|  0%| F|  |TAMS 0x0000000083700000, 0x0000000083700000| Untracked 
|  10|0x0000000083800000, 0x0000000083800000, 0x0000000083900000|  0%| F|  |TAMS 0x0000000083800000, 0x0000000083800000| Untracked 
|  11|0x0000000083900000, 0x0000000083900000, 0x0000000083a00000|  0%| F|  |TAMS 0x0000000083900000, 0x0000000083900000| Untracked 
|  12|0x0000000083a00000, 0x0000000083a00000, 0x0000000083b00000|  0%| F|  |TAMS 0x0000000083a00000, 0x0000000083a00000| Untracked 
|  13|0x0000000083b00000, 0x0000000083b00000, 0x0000000083c00000|  0%| F|  |TAMS 0x0000000083b00000, 0x0000000083b00000| Untracked 
|  14|0x0000000083c00000, 0x0000000083c00000, 0x0000000083d00000|  0%| F|  |TAMS 0x0000000083c00000, 0x0000000083c00000| Untracked 
|  15|0x0000000083d00000, 0x0000000083d00000, 0x0000000083e00000|  0%| F|  |TAMS 0x0000000083d00000, 0x0000000083d00000| Untracked 
|  16|0x0000000083e00000, 0x0000000083e00000, 0x0000000083f00000|  0%| F|  |TAMS 0x0000000083e00000, 0x0000000083e00000| Untracked 
|  17|0x0000000083f00000, 0x0000000083f00000, 0x0000000084000000|  0%| F|  |TAMS 0x0000000083f00000, 0x0000000083f00000| Untracked 
|  18|0x0000000084000000, 0x0000000084000000, 0x0000000084100000|  0%| F|  |TAMS 0x0000000084000000, 0x0000000084000000| Untracked 
|  19|0x0000000084100000, 0x0000000084100000, 0x0000000084200000|  0%| F|  |TAMS 0x0000000084100000, 0x0000000084100000| Untracked 
|  20|0x0000000084200000, 0x0000000084200000, 0x0000000084300000|  0%| F|  |TAMS 0x0000000084200000, 0x0000000084200000| Untracked 
|  21|0x0000000084300000, 0x0000000084300000, 0x0000000084400000|  0%| F|  |TAMS 0x0000000084300000, 0x0000000084300000| Untracked 
|  22|0x0000000084400000, 0x0000000084400000, 0x0000000084500000|  0%| F|  |TAMS 0x0000000084400000, 0x0000000084400000| Untracked 
|  23|0x0000000084500000, 0x0000000084500000, 0x0000000084600000|  0%| F|  |TAMS 0x0000000084500000, 0x0000000084500000| Untracked 
|  24|0x0000000084600000, 0x0000000084600000, 0x0000000084700000|  0%| F|  |TAMS 0x0000000084600000, 0x0000000084600000| Untracked 
|  25|0x0000000084700000, 0x0000000084700000, 0x0000000084800000|  0%| F|  |TAMS 0x0000000084700000, 0x0000000084700000| Untracked 
|  26|0x0000000084800000, 0x0000000084800000, 0x0000000084900000|  0%| F|  |TAMS 0x0000000084800000, 0x0000000084800000| Untracked 
|  27|0x0000000084900000, 0x0000000084900000, 0x0000000084a00000|  0%| F|  |TAMS 0x0000000084900000, 0x0000000084900000| Untracked 
|  28|0x0000000084a00000, 0x0000000084a00000, 0x0000000084b00000|  0%| F|  |TAMS 0x0000000084a00000, 0x0000000084a00000| Untracked 
|  29|0x0000000084b00000, 0x0000000084b00000, 0x0000000084c00000|  0%| F|  |TAMS 0x0000000084b00000, 0x0000000084b00000| Untracked 
|  30|0x0000000084c00000, 0x0000000084c00000, 0x0000000084d00000|  0%| F|  |TAMS 0x0000000084c00000, 0x0000000084c00000| Untracked 
|  31|0x0000000084d00000, 0x0000000084d00000, 0x0000000084e00000|  0%| F|  |TAMS 0x0000000084d00000, 0x0000000084d00000| Untracked 
|  32|0x0000000084e00000, 0x0000000084e00000, 0x0000000084f00000|  0%| F|  |TAMS 0x0000000084e00000, 0x0000000084e00000| Untracked 
|  33|0x0000000084f00000, 0x0000000084f00000, 0x0000000085000000|  0%| F|  |TAMS 0x0000000084f00000, 0x0000000084f00000| Untracked 
|  34|0x0000000085000000, 0x0000000085000000, 0x0000000085100000|  0%| F|  |TAMS 0x0000000085000000, 0x0000000085000000| Untracked 
|  35|0x0000000085100000, 0x0000000085100000, 0x0000000085200000|  0%| F|  |TAMS 0x0000000085100000, 0x0000000085100000| Untracked 
|  36|0x0000000085200000, 0x0000000085200000, 0x0000000085300000|  0%| F|  |TAMS 0x0000000085200000, 0x0000000085200000| Untracked 
|  37|0x0000000085300000, 0x0000000085300000, 0x0000000085400000|  0%| F|  |TAMS 0x0000000085300000, 0x0000000085300000| Untracked 
|  38|0x0000000085400000, 0x0000000085400000, 0x0000000085500000|  0%| F|  |TAMS 0x0000000085400000, 0x0000000085400000| Untracked 
|  39|0x0000000085500000, 0x0000000085500000, 0x0000000085600000|  0%| F|  |TAMS 0x0000000085500000, 0x0000000085500000| Untracked 
|  40|0x0000000085600000, 0x0000000085600000, 0x0000000085700000|  0%| F|  |TAMS 0x0000000085600000, 0x0000000085600000| Untracked 
|  41|0x0000000085700000, 0x0000000085700000, 0x0000000085800000|  0%| F|  |TAMS 0x0000000085700000, 0x0000000085700000| Untracked 
|  42|0x0000000085800000, 0x0000000085800000, 0x0000000085900000|  0%| F|  |TAMS 0x0000000085800000, 0x0000000085800000| Untracked 
|  43|0x0000000085900000, 0x0000000085900000, 0x0000000085a00000|  0%| F|  |TAMS 0x0000000085900000, 0x0000000085900000| Untracked 
|  44|0x0000000085a00000, 0x0000000085a00000, 0x0000000085b00000|  0%| F|  |TAMS 0x0000000085a00000, 0x0000000085a00000| Untracked 
|  45|0x0000000085b00000, 0x0000000085b00000, 0x0000000085c00000|  0%| F|  |TAMS 0x0000000085b00000, 0x0000000085b00000| Untracked 
|  46|0x0000000085c00000, 0x0000000085c00000, 0x0000000085d00000|  0%| F|  |TAMS 0x0000000085c00000, 0x0000000085c00000| Untracked 
|  47|0x0000000085d00000, 0x0000000085d00000, 0x0000000085e00000|  0%| F|  |TAMS 0x0000000085d00000, 0x0000000085d00000| Untracked 
|  48|0x0000000085e00000, 0x0000000085e00000, 0x0000000085f00000|  0%| F|  |TAMS 0x0000000085e00000, 0x0000000085e00000| Untracked 
|  49|0x0000000085f00000, 0x0000000085f00000, 0x0000000086000000|  0%| F|  |TAMS 0x0000000085f00000, 0x0000000085f00000| Untracked 
|  50|0x0000000086000000, 0x0000000086000000, 0x0000000086100000|  0%| F|  |TAMS 0x0000000086000000, 0x0000000086000000| Untracked 
|  51|0x0000000086100000, 0x0000000086100000, 0x0000000086200000|  0%| F|  |TAMS 0x0000000086100000, 0x0000000086100000| Untracked 
|  52|0x0000000086200000, 0x0000000086200000, 0x0000000086300000|  0%| F|  |TAMS 0x0000000086200000, 0x0000000086200000| Untracked 
|  53|0x0000000086300000, 0x0000000086300000, 0x0000000086400000|  0%| F|  |TAMS 0x0000000086300000, 0x0000000086300000| Untracked 
|  54|0x0000000086400000, 0x0000000086400000, 0x0000000086500000|  0%| F|  |TAMS 0x0000000086400000, 0x0000000086400000| Untracked 
|  55|0x0000000086500000, 0x0000000086500000, 0x0000000086600000|  0%| F|  |TAMS 0x0000000086500000, 0x0000000086500000| Untracked 
|  56|0x0000000086600000, 0x0000000086600000, 0x0000000086700000|  0%| F|  |TAMS 0x0000000086600000, 0x0000000086600000| Untracked 
|  57|0x0000000086700000, 0x0000000086700000, 0x0000000086800000|  0%| F|  |TAMS 0x0000000086700000, 0x0000000086700000| Untracked 
|  58|0x0000000086800000, 0x0000000086800000, 0x0000000086900000|  0%| F|  |TAMS 0x0000000086800000, 0x0000000086800000| Untracked 
|  59|0x0000000086900000, 0x0000000086900000, 0x0000000086a00000|  0%| F|  |TAMS 0x0000000086900000, 0x0000000086900000| Untracked 
|  60|0x0000000086a00000, 0x0000000086a00000, 0x0000000086b00000|  0%| F|  |TAMS 0x0000000086a00000, 0x0000000086a00000| Untracked 
|  61|0x0000000086b00000, 0x0000000086b00000, 0x0000000086c00000|  0%| F|  |TAMS 0x0000000086b00000, 0x0000000086b00000| Untracked 
|  62|0x0000000086c00000, 0x0000000086c00000, 0x0000000086d00000|  0%| F|  |TAMS 0x0000000086c00000, 0x0000000086c00000| Untracked 
|  63|0x0000000086d00000, 0x0000000086d00000, 0x0000000086e00000|  0%| F|  |TAMS 0x0000000086d00000, 0x0000000086d00000| Untracked 
|  64|0x0000000086e00000, 0x0000000086e00000, 0x0000000086f00000|  0%| F|  |TAMS 0x0000000086e00000, 0x0000000086e00000| Untracked 
|  65|0x0000000086f00000, 0x0000000086f00000, 0x0000000087000000|  0%| F|  |TAMS 0x0000000086f00000, 0x0000000086f00000| Untracked 
|  66|0x0000000087000000, 0x0000000087000000, 0x0000000087100000|  0%| F|  |TAMS 0x0000000087000000, 0x0000000087000000| Untracked 
|  67|0x0000000087100000, 0x0000000087100000, 0x0000000087200000|  0%| F|  |TAMS 0x0000000087100000, 0x0000000087100000| Untracked 
|  68|0x0000000087200000, 0x0000000087200000, 0x0000000087300000|  0%| F|  |TAMS 0x0000000087200000, 0x0000000087200000| Untracked 
|  69|0x0000000087300000, 0x0000000087300000, 0x0000000087400000|  0%| F|  |TAMS 0x0000000087300000, 0x0000000087300000| Untracked 
|  70|0x0000000087400000, 0x0000000087400000, 0x0000000087500000|  0%| F|  |TAMS 0x0000000087400000, 0x0000000087400000| Untracked 
|  71|0x0000000087500000, 0x0000000087500000, 0x0000000087600000|  0%| F|  |TAMS 0x0000000087500000, 0x0000000087500000| Untracked 
|  72|0x0000000087600000, 0x0000000087600000, 0x0000000087700000|  0%| F|  |TAMS 0x0000000087600000, 0x0000000087600000| Untracked 
|  73|0x0000000087700000, 0x0000000087700000, 0x0000000087800000|  0%| F|  |TAMS 0x0000000087700000, 0x0000000087700000| Untracked 
|  74|0x0000000087800000, 0x0000000087800000, 0x0000000087900000|  0%| F|  |TAMS 0x0000000087800000, 0x0000000087800000| Untracked 
|  75|0x0000000087900000, 0x0000000087900000, 0x0000000087a00000|  0%| F|  |TAMS 0x0000000087900000, 0x0000000087900000| Untracked 
|  76|0x0000000087a00000, 0x0000000087a00000, 0x0000000087b00000|  0%| F|  |TAMS 0x0000000087a00000, 0x0000000087a00000| Untracked 
|  77|0x0000000087b00000, 0x0000000087b00000, 0x0000000087c00000|  0%| F|  |TAMS 0x0000000087b00000, 0x0000000087b00000| Untracked 
|  78|0x0000000087c00000, 0x0000000087c00000, 0x0000000087d00000|  0%| F|  |TAMS 0x0000000087c00000, 0x0000000087c00000| Untracked 
|  79|0x0000000087d00000, 0x0000000087d00000, 0x0000000087e00000|  0%| F|  |TAMS 0x0000000087d00000, 0x0000000087d00000| Untracked 
|  80|0x0000000087e00000, 0x0000000087e00000, 0x0000000087f00000|  0%| F|  |TAMS 0x0000000087e00000, 0x0000000087e00000| Untracked 
|  81|0x0000000087f00000, 0x0000000087f00000, 0x0000000088000000|  0%| F|  |TAMS 0x0000000087f00000, 0x0000000087f00000| Untracked 
|  82|0x0000000088000000, 0x0000000088000000, 0x0000000088100000|  0%| F|  |TAMS 0x0000000088000000, 0x0000000088000000| Untracked 
|  83|0x0000000088100000, 0x0000000088100000, 0x0000000088200000|  0%| F|  |TAMS 0x0000000088100000, 0x0000000088100000| Untracked 
|  84|0x0000000088200000, 0x0000000088200000, 0x0000000088300000|  0%| F|  |TAMS 0x0000000088200000, 0x0000000088200000| Untracked 
|  85|0x0000000088300000, 0x0000000088300000, 0x0000000088400000|  0%| F|  |TAMS 0x0000000088300000, 0x0000000088300000| Untracked 
|  86|0x0000000088400000, 0x0000000088400000, 0x0000000088500000|  0%| F|  |TAMS 0x0000000088400000, 0x0000000088400000| Untracked 
|  87|0x0000000088500000, 0x0000000088500000, 0x0000000088600000|  0%| F|  |TAMS 0x0000000088500000, 0x0000000088500000| Untracked 
|  88|0x0000000088600000, 0x0000000088600000, 0x0000000088700000|  0%| F|  |TAMS 0x0000000088600000, 0x0000000088600000| Untracked 
|  89|0x0000000088700000, 0x0000000088700000, 0x0000000088800000|  0%| F|  |TAMS 0x0000000088700000, 0x0000000088700000| Untracked 
|  90|0x0000000088800000, 0x0000000088800000, 0x0000000088900000|  0%| F|  |TAMS 0x0000000088800000, 0x0000000088800000| Untracked 
|  91|0x0000000088900000, 0x0000000088900000, 0x0000000088a00000|  0%| F|  |TAMS 0x0000000088900000, 0x0000000088900000| Untracked 
|  92|0x0000000088a00000, 0x0000000088a00000, 0x0000000088b00000|  0%| F|  |TAMS 0x0000000088a00000, 0x0000000088a00000| Untracked 
|  93|0x0000000088b00000, 0x0000000088b00000, 0x0000000088c00000|  0%| F|  |TAMS 0x0000000088b00000, 0x0000000088b00000| Untracked 
|  94|0x0000000088c00000, 0x0000000088c00000, 0x0000000088d00000|  0%| F|  |TAMS 0x0000000088c00000, 0x0000000088c00000| Untracked 
|  95|0x0000000088d00000, 0x0000000088d00000, 0x0000000088e00000|  0%| F|  |TAMS 0x0000000088d00000, 0x0000000088d00000| Untracked 
|  96|0x0000000088e00000, 0x0000000088e00000, 0x0000000088f00000|  0%| F|  |TAMS 0x0000000088e00000, 0x0000000088e00000| Untracked 
|  97|0x0000000088f00000, 0x0000000088f00000, 0x0000000089000000|  0%| F|  |TAMS 0x0000000088f00000, 0x0000000088f00000| Untracked 
|  98|0x0000000089000000, 0x0000000089000000, 0x0000000089100000|  0%| F|  |TAMS 0x0000000089000000, 0x0000000089000000| Untracked 
|  99|0x0000000089100000, 0x0000000089100000, 0x0000000089200000|  0%| F|  |TAMS 0x0000000089100000, 0x0000000089100000| Untracked 
| 100|0x0000000089200000, 0x0000000089200000, 0x0000000089300000|  0%| F|  |TAMS 0x0000000089200000, 0x0000000089200000| Untracked 
| 101|0x0000000089300000, 0x0000000089300000, 0x0000000089400000|  0%| F|  |TAMS 0x0000000089300000, 0x0000000089300000| Untracked 
| 102|0x0000000089400000, 0x0000000089400000, 0x0000000089500000|  0%| F|  |TAMS 0x0000000089400000, 0x0000000089400000| Untracked 
| 103|0x0000000089500000, 0x0000000089500000, 0x0000000089600000|  0%| F|  |TAMS 0x0000000089500000, 0x0000000089500000| Untracked 
| 104|0x0000000089600000, 0x0000000089600000, 0x0000000089700000|  0%| F|  |TAMS 0x0000000089600000, 0x0000000089600000| Untracked 
| 105|0x0000000089700000, 0x0000000089700000, 0x0000000089800000|  0%| F|  |TAMS 0x0000000089700000, 0x0000000089700000| Untracked 
| 106|0x0000000089800000, 0x000000008987b670, 0x0000000089900000| 48%| E|  |TAMS 0x0000000089800000, 0x0000000089800000| Complete 
| 107|0x0000000089900000, 0x0000000089a00000, 0x0000000089a00000|100%| E|CS|TAMS 0x0000000089900000, 0x0000000089900000| Complete 
| 108|0x0000000089a00000, 0x0000000089b00000, 0x0000000089b00000|100%| E|CS|TAMS 0x0000000089a00000, 0x0000000089a00000| Complete 
| 109|0x0000000089b00000, 0x0000000089c00000, 0x0000000089c00000|100%| E|CS|TAMS 0x0000000089b00000, 0x0000000089b00000| Complete 
| 110|0x0000000089c00000, 0x0000000089d00000, 0x0000000089d00000|100%| E|CS|TAMS 0x0000000089c00000, 0x0000000089c00000| Complete 
| 111|0x0000000089d00000, 0x0000000089e00000, 0x0000000089e00000|100%| E|CS|TAMS 0x0000000089d00000, 0x0000000089d00000| Complete 
| 112|0x0000000089e00000, 0x0000000089f00000, 0x0000000089f00000|100%| E|CS|TAMS 0x0000000089e00000, 0x0000000089e00000| Complete 
| 113|0x0000000089f00000, 0x000000008a000000, 0x000000008a000000|100%| E|CS|TAMS 0x0000000089f00000, 0x0000000089f00000| Complete 
| 114|0x000000008a000000, 0x000000008a100000, 0x000000008a100000|100%| E|  |TAMS 0x000000008a000000, 0x000000008a000000| Complete 
| 115|0x000000008a100000, 0x000000008a200000, 0x000000008a200000|100%| E|CS|TAMS 0x000000008a100000, 0x000000008a100000| Complete 
| 116|0x000000008a200000, 0x000000008a300000, 0x000000008a300000|100%| E|CS|TAMS 0x000000008a200000, 0x000000008a200000| Complete 
| 117|0x000000008a300000, 0x000000008a400000, 0x000000008a400000|100%| E|CS|TAMS 0x000000008a300000, 0x000000008a300000| Complete 
| 118|0x000000008a400000, 0x000000008a500000, 0x000000008a500000|100%| E|CS|TAMS 0x000000008a400000, 0x000000008a400000| Complete 
| 119|0x000000008a500000, 0x000000008a600000, 0x000000008a600000|100%| E|CS|TAMS 0x000000008a500000, 0x000000008a500000| Complete 
| 120|0x000000008a600000, 0x000000008a700000, 0x000000008a700000|100%| E|CS|TAMS 0x000000008a600000, 0x000000008a600000| Complete 
| 121|0x000000008a700000, 0x000000008a800000, 0x000000008a800000|100%| E|CS|TAMS 0x000000008a700000, 0x000000008a700000| Complete 
| 122|0x000000008a800000, 0x000000008a900000, 0x000000008a900000|100%| E|CS|TAMS 0x000000008a800000, 0x000000008a800000| Complete 
| 123|0x000000008a900000, 0x000000008aa00000, 0x000000008aa00000|100%| E|CS|TAMS 0x000000008a900000, 0x000000008a900000| Complete 
| 124|0x000000008aa00000, 0x000000008ab00000, 0x000000008ab00000|100%| E|CS|TAMS 0x000000008aa00000, 0x000000008aa00000| Complete 
| 125|0x000000008ab00000, 0x000000008ac00000, 0x000000008ac00000|100%| E|CS|TAMS 0x000000008ab00000, 0x000000008ab00000| Complete 

Card table byte_map: [0x00000278f5fa0000,0x00000278f6390000] _byte_map_base: 0x00000278f5b89000

Marking Bits (Prev, Next): (CMBitMap*) 0x00000278ed259de8, (CMBitMap*) 0x00000278ed259e20
 Prev Bits: [0x00000278f6780000, 0x00000278f86c8000)
 Next Bits: [0x00000278f86d0000, 0x00000278fa618000)

Polling page: 0x00000278eb1b0000

Metaspace:

Usage:
  Non-class:      9.64 MB capacity,     9.45 MB ( 98%) used,   183.29 KB (  2%) free+waste,    10.88 KB ( <1%) overhead. 
      Class:      1.20 MB capacity,     1.11 MB ( 93%) used,    85.31 KB (  7%) free+waste,     5.13 KB ( <1%) overhead. 
       Both:     10.84 MB capacity,    10.56 MB ( 97%) used,   268.60 KB (  2%) free+waste,    16.00 KB ( <1%) overhead. 

Virtual space:
  Non-class space:       10.00 MB reserved,       9.75 MB ( 98%) committed 
      Class space:        1.00 GB reserved,       1.25 MB ( <1%) committed 
             Both:        1.01 GB reserved,      11.00 MB (  1%) committed 

Chunk freelists:
   Non-Class:  50.00 KB
       Class:  21.00 KB
        Both:  71.00 KB

MaxMetaspaceSize: 17179869184.00 GB
CompressedClassSpaceSize: 1.00 GB

CodeHeap 'non-profiled nmethods': size=120000Kb used=242Kb max_used=242Kb free=119757Kb
 bounds [0x0000027887ad0000, 0x0000027887d40000, 0x000002788f000000]
CodeHeap 'profiled nmethods': size=120000Kb used=1388Kb max_used=1388Kb free=118611Kb
 bounds [0x00000278805a0000, 0x0000027880810000, 0x0000027887ad0000]
CodeHeap 'non-nmethods': size=5760Kb used=1075Kb max_used=1092Kb free=4684Kb
 bounds [0x0000027880000000, 0x0000027880270000, 0x00000278805a0000]
 total_blobs=1168 nmethods=784 adapters=296
 compilation: enabled
              stopped_count=0, restarted_count=0
 full_count=0

Compilation events (20 events):
Event: 1.156 Thread 0x00000278fd0a9800  772   !   3       java.net.URLClassLoader::defineClass (224 bytes)
Event: 1.160 Thread 0x00000278fd0a9800 nmethod 772 0x00000278806ea110 code [0x00000278806ea620, 0x00000278806ed298]
Event: 1.160 Thread 0x00000278fd0a9800  773       3       java.security.SecureClassLoader$CodeSourceKey::hashCode (21 bytes)
Event: 1.161 Thread 0x00000278fd0a9800 nmethod 773 0x00000278806ee190 code [0x00000278806ee360, 0x00000278806ee528]
Event: 1.161 Thread 0x00000278fd0a9800  774       3       java.lang.ClassLoader::preDefineClass (116 bytes)
Event: 1.162 Thread 0x00000278fd0a9800 nmethod 774 0x00000278806ee610 code [0x00000278806ee9e0, 0x00000278806f0078]
Event: 1.162 Thread 0x00000278fd0a9800  775   !   3       java.lang.ClassLoader::checkCerts (195 bytes)
Event: 1.163 Thread 0x00000278fd0a7800 nmethod 742 0x0000027887b07c10 code [0x0000027887b07f80, 0x0000027887b0a4d8]
Event: 1.164 Thread 0x00000278fd0a7800  779   !   4       java.util.jar.JarFile::checkForSpecialAttributes (163 bytes)
Event: 1.164 Thread 0x00000278fd0a9800 nmethod 775 0x00000278806f0890 code [0x00000278806f0c00, 0x00000278806f2248]
Event: 1.164 Thread 0x00000278fd0a9800  777       3       sun.net.www.protocol.jar.Handler::parseContextSpec (150 bytes)
Event: 1.167 Thread 0x00000278fd0a9800 nmethod 777 0x00000278806f2a10 code [0x00000278806f2f00, 0x00000278806f5138]
Event: 1.167 Thread 0x00000278fd0a9800  776       3       java.lang.ClassLoader::defineClassSourceLocation (28 bytes)
Event: 1.168 Thread 0x00000278fd0a9800 nmethod 776 0x00000278806f5d10 code [0x00000278806f5ee0, 0x00000278806f6248]
Event: 1.168 Thread 0x00000278fd0a9800  778       1       sun.nio.cs.MS1252::historicalName (3 bytes)
Event: 1.168 Thread 0x00000278fd0a9800 nmethod 778 0x0000027887b0bd10 code [0x0000027887b0bec0, 0x0000027887b0bf78]
Event: 1.168 Thread 0x00000278fd0a7800 nmethod 779 0x0000027887b0c010 code [0x0000027887b0c1e0, 0x0000027887b0c5f0]
Event: 1.169 Thread 0x00000278fd0a7800  782  s!   4       jdk.internal.loader.URLClassPath::getLoader (194 bytes)
Event: 1.189 Thread 0x00000278fd0a9800  783       3       java.lang.StringLatin1::toUpperCase (180 bytes)
Event: 1.191 Thread 0x00000278fd0a9800 nmethod 783 0x00000278806f6410 code [0x00000278806f66c0, 0x00000278806f73d8]

GC Heap History (0 events):
No events

Deoptimization events (20 events):
Event: 1.116 Thread 0x00000278ed21a800 Uncommon trap: trap_request=0xffffff4d fr.pc=0x0000027887aee7b0 relative=0x00000000000001d0
Event: 1.116 Thread 0x00000278ed21a800 Uncommon trap: reason=unstable_if action=reinterpret pc=0x0000027887aee7b0 method=java.util.regex.Matcher.reset()Ljava/util/regex/Matcher; @ 47 c2
Event: 1.116 Thread 0x00000278ed21a800 DEOPT PACKING pc=0x0000027887aee7b0 sp=0x000000bbe3efd960
Event: 1.116 Thread 0x00000278ed21a800 DEOPT UNPACKING pc=0x00000278800274af sp=0x000000bbe3efd8e8 mode 2
Event: 1.116 Thread 0x00000278ed21a800 Uncommon trap: trap_request=0xffffffde fr.pc=0x0000027887aeef60 relative=0x00000000000003c0
Event: 1.116 Thread 0x00000278ed21a800 Uncommon trap: reason=class_check action=maybe_recompile pc=0x0000027887aeef60 method=java.util.regex.Matcher.match(II)Z @ 121 c2
Event: 1.116 Thread 0x00000278ed21a800 DEOPT PACKING pc=0x0000027887aeef60 sp=0x000000bbe3efd9b0
Event: 1.116 Thread 0x00000278ed21a800 DEOPT UNPACKING pc=0x00000278800274af sp=0x000000bbe3efd958 mode 2
Event: 1.116 Thread 0x00000278ed21a800 Uncommon trap: trap_request=0xffffffde fr.pc=0x0000027887aeef60 relative=0x00000000000003c0
Event: 1.116 Thread 0x00000278ed21a800 Uncommon trap: reason=class_check action=maybe_recompile pc=0x0000027887aeef60 method=java.util.regex.Matcher.match(II)Z @ 121 c2
Event: 1.116 Thread 0x00000278ed21a800 DEOPT PACKING pc=0x0000027887aeef60 sp=0x000000bbe3efd9b0
Event: 1.116 Thread 0x00000278ed21a800 DEOPT UNPACKING pc=0x00000278800274af sp=0x000000bbe3efd958 mode 2
Event: 1.117 Thread 0x00000278ed21a800 Uncommon trap: trap_request=0xffffffde fr.pc=0x0000027887aeef60 relative=0x00000000000003c0
Event: 1.117 Thread 0x00000278ed21a800 Uncommon trap: reason=class_check action=maybe_recompile pc=0x0000027887aeef60 method=java.util.regex.Matcher.match(II)Z @ 121 c2
Event: 1.117 Thread 0x00000278ed21a800 DEOPT PACKING pc=0x0000027887aeef60 sp=0x000000bbe3efd9b0
Event: 1.117 Thread 0x00000278ed21a800 DEOPT UNPACKING pc=0x00000278800274af sp=0x000000bbe3efd958 mode 2
Event: 1.117 Thread 0x00000278ed21a800 Uncommon trap: trap_request=0xffffffde fr.pc=0x0000027887aeef60 relative=0x00000000000003c0
Event: 1.117 Thread 0x00000278ed21a800 Uncommon trap: reason=class_check action=maybe_recompile pc=0x0000027887aeef60 method=java.util.regex.Matcher.match(II)Z @ 121 c2
Event: 1.117 Thread 0x00000278ed21a800 DEOPT PACKING pc=0x0000027887aeef60 sp=0x000000bbe3efd9b0
Event: 1.117 Thread 0x00000278ed21a800 DEOPT UNPACKING pc=0x00000278800274af sp=0x000000bbe3efd958 mode 2

Classes redefined (0 events):
No events

Internal exceptions (2 events):
Event: 0.256 Thread 0x00000278ed21a800 Exception <a 'java/lang/NoSuchMethodError'{0x000000008aaa6aa0}: 'int java.lang.invoke.DirectMethodHandle$Holder.invokeSpecialIFC(java.lang.Object, java.lang.Object, int)'> (0x000000008aaa6aa0) thrown at [./src/hotspot/share/interpreter/linkResolver.cpp, line 773]
Event: 1.161 Thread 0x00000278ed21a800 Exception <a 'java/lang/NoSuchMethodError'{0x0000000089ac40e0}: 'java.lang.Object java.lang.invoke.DirectMethodHandle$Holder.invokeVirtual(java.lang.Object, java.lang.Object, java.lang.Object, java.lang.Object, java.lang.Object)'> (0x0000000089ac40e0) thrown at [./src/hotspot/share/interpreter/linkResolver.cpp, line 773]

Events (20 events):
Event: 1.178 loading class net/rubygrapefruit/platform/internal/LibraryDef done
Event: 1.180 loading class java/nio/channels/spi/AbstractInterruptibleChannel$1
Event: 1.180 loading class sun/nio/ch/Interruptible
Event: 1.180 loading class sun/nio/ch/Interruptible done
Event: 1.180 loading class java/nio/channels/spi/AbstractInterruptibleChannel$1 done
Event: 1.185 Loaded shared library C:\Users\BHARAT\.gradle\native\30\windows-amd64\native-platform.dll
Event: 1.185 loading class java/lang/ClassLoader$NativeLibrary$Unloader
Event: 1.185 loading class java/lang/ClassLoader$NativeLibrary$Unloader done
Event: 1.185 loading class net/rubygrapefruit/platform/internal/jni/NativeLibraryFunctions
Event: 1.185 loading class net/rubygrapefruit/platform/internal/jni/NativeLibraryFunctions done
Event: 1.186 loading class net/rubygrapefruit/platform/terminal/Terminals$Output
Event: 1.186 loading class net/rubygrapefruit/platform/terminal/Terminals$Output done
Event: 1.187 loading class org/gradle/internal/nativeintegration/jansi/JansiOperatingSystemSupport
Event: 1.187 loading class org/gradle/internal/nativeintegration/jansi/JansiOperatingSystemSupport done
Event: 1.188 loading class org/gradle/internal/nativeintegration/jansi/JansiLibraryFactory$1
Event: 1.188 loading class org/gradle/internal/nativeintegration/jansi/JansiLibraryFactory$1 done
Event: 1.188 loading class org/gradle/internal/nativeintegration/jansi/JansiLibrary
Event: 1.188 loading class org/gradle/internal/nativeintegration/jansi/JansiLibrary done
Event: 1.189 loading class org/fusesource/jansi/Ansi
Event: 1.189 loading class org/fusesource/jansi/Ansi done


Dynamic libraries:
0x00007ff68cb10000 - 0x00007ff68cb1d000 	C:\Users\BHARAT\AppData\Local\Programs\AdoptOpenJDK\bin\java.exe
0x00007fff0df40000 - 0x00007fff0e130000 	C:\Windows\SYSTEM32\ntdll.dll
0x00007fff0dc50000 - 0x00007fff0dd02000 	C:\Windows\System32\KERNEL32.DLL
0x00007fff0b200000 - 0x00007fff0b4a5000 	C:\Windows\System32\KERNELBASE.dll
0x00007fff0bc30000 - 0x00007fff0bd2a000 	C:\Windows\System32\ucrtbase.dll
0x00007fff00ca0000 - 0x00007fff00cb7000 	C:\Users\BHARAT\AppData\Local\Programs\AdoptOpenJDK\bin\jli.dll
0x00007ffeeb590000 - 0x00007ffeeb5a5000 	C:\Users\BHARAT\AppData\Local\Programs\AdoptOpenJDK\bin\VCRUNTIME140.dll
0x00007fff0da30000 - 0x00007fff0dbc4000 	C:\Windows\System32\USER32.dll
0x00007fff0bde0000 - 0x00007fff0be01000 	C:\Windows\System32\win32u.dll
0x00007fff0c6f0000 - 0x00007fff0c716000 	C:\Windows\System32\GDI32.dll
0x00007ffef6600000 - 0x00007ffef6884000 	C:\Windows\WinSxS\amd64_microsoft.windows.common-controls_6595b64144ccf1df_6.0.18362.1500_none_9e79be6de462295c\COMCTL32.dll
0x00007fff0af10000 - 0x00007fff0b0a8000 	C:\Windows\System32\gdi32full.dll
0x00007fff0b160000 - 0x00007fff0b1fe000 	C:\Windows\System32\msvcp_win.dll
0x00007fff0d870000 - 0x00007fff0d90e000 	C:\Windows\System32\msvcrt.dll
0x00007fff0d250000 - 0x00007fff0d586000 	C:\Windows\System32\combase.dll
0x00007fff0d910000 - 0x00007fff0da2f000 	C:\Windows\System32\RPCRT4.dll
0x00007fff0bd50000 - 0x00007fff0bdd1000 	C:\Windows\System32\bcryptPrimitives.dll
0x00007fff0dd20000 - 0x00007fff0dd4e000 	C:\Windows\System32\IMM32.DLL
0x00007ffee3fa0000 - 0x00007ffee403b000 	C:\Users\BHARAT\AppData\Local\Programs\AdoptOpenJDK\bin\msvcp140.dll
0x00007ffe89340000 - 0x00007ffe89dfd000 	C:\Users\BHARAT\AppData\Local\Programs\AdoptOpenJDK\bin\server\jvm.dll
0x00007fff0d7c0000 - 0x00007fff0d863000 	C:\Windows\System32\ADVAPI32.dll
0x00007fff0ca30000 - 0x00007fff0cac7000 	C:\Windows\System32\sechost.dll
0x00007fff0dd10000 - 0x00007fff0dd18000 	C:\Windows\System32\PSAPI.DLL
0x00007fff00e00000 - 0x00007fff00e09000 	C:\Windows\SYSTEM32\WSOCK32.dll
0x00007fff00220000 - 0x00007fff0022a000 	C:\Windows\SYSTEM32\VERSION.dll
0x00007fff0c210000 - 0x00007fff0c27f000 	C:\Windows\System32\WS2_32.dll
0x00007ffeecd70000 - 0x00007ffeecd94000 	C:\Windows\SYSTEM32\WINMM.dll
0x00007ffefac20000 - 0x00007ffefac4d000 	C:\Windows\SYSTEM32\winmmbase.dll
0x00007fff0be40000 - 0x00007fff0be8a000 	C:\Windows\System32\cfgmgr32.dll
0x00007fff0ae00000 - 0x00007fff0ae11000 	C:\Windows\System32\kernel.appcore.dll
0x00007fff01af0000 - 0x00007fff01b00000 	C:\Users\BHARAT\AppData\Local\Programs\AdoptOpenJDK\bin\verify.dll
0x00007fff096f0000 - 0x00007fff098e4000 	C:\Windows\SYSTEM32\DBGHELP.DLL
0x00007ffeffbc0000 - 0x00007ffeffbea000 	C:\Windows\SYSTEM32\dbgcore.DLL
0x00007ffeeb2c0000 - 0x00007ffeeb2e8000 	C:\Users\BHARAT\AppData\Local\Programs\AdoptOpenJDK\bin\java.dll
0x00007ffef0920000 - 0x00007ffef092a000 	C:\Users\BHARAT\AppData\Local\Programs\AdoptOpenJDK\bin\jimage.dll
0x00007ffeeaf80000 - 0x00007ffeeaf97000 	C:\Users\BHARAT\AppData\Local\Programs\AdoptOpenJDK\bin\zip.dll
0x00007fff0cb60000 - 0x00007fff0d248000 	C:\Windows\System32\SHELL32.dll
0x00007fff0c8b0000 - 0x00007fff0c957000 	C:\Windows\System32\shcore.dll
0x00007fff0b4b0000 - 0x00007fff0bc2b000 	C:\Windows\System32\windows.storage.dll
0x00007fff0ae20000 - 0x00007fff0ae3e000 	C:\Windows\System32\profapi.dll
0x00007fff0ae40000 - 0x00007fff0ae8a000 	C:\Windows\System32\powrprof.dll
0x00007fff0adf0000 - 0x00007fff0ae00000 	C:\Windows\System32\UMPDC.dll
0x00007fff0c1b0000 - 0x00007fff0c202000 	C:\Windows\System32\shlwapi.dll
0x00007fff0bd30000 - 0x00007fff0bd47000 	C:\Windows\System32\cryptsp.dll
0x00007ffeeaf60000 - 0x00007ffeeaf79000 	C:\Users\BHARAT\AppData\Local\Programs\AdoptOpenJDK\bin\net.dll
0x00007fff036a0000 - 0x00007fff0379a000 	C:\Windows\SYSTEM32\WINHTTP.dll
0x00007fff0a630000 - 0x00007fff0a697000 	C:\Windows\system32\mswsock.dll
0x00007ffee3870000 - 0x00007ffee3882000 	C:\Users\BHARAT\AppData\Local\Programs\AdoptOpenJDK\bin\nio.dll
0x00007ffed9780000 - 0x00007ffed97a6000 	C:\Users\BHARAT\.gradle\native\30\windows-amd64\native-platform.dll

dbghelp: loaded successfully - version: 4.0.5 - missing functions: none
symbol engine: initialized successfully - sym options: 0x614 - pdb path: .;C:\Users\BHARAT\AppData\Local\Programs\AdoptOpenJDK\bin;C:\Windows\SYSTEM32;C:\Windows\WinSxS\amd64_microsoft.windows.common-controls_6595b64144ccf1df_6.0.18362.1500_none_9e79be6de462295c;C:\Users\BHARAT\AppData\Local\Programs\AdoptOpenJDK\bin\server;C:\Users\BHARAT\.gradle\native\30\windows-amd64

VM Arguments:
jvm_args: -Dorg.gradle.appname=gradlew 
java_command: org.gradle.wrapper.GradleWrapperMain -q -Ptarget-platform=android-x86 -Ptarget=D:\Flutter Projects\i_am_rich\lib\main.dart -Ptrack-widget-creation=true -Pfilesystem-scheme=org-dartlang-root -Pdart-defines=flutter.inspector.structuredErrors%3Dtrue assembleDebug
java_class_path (initial): D:\Flutter Projects\i_am_rich\android\\gradle\wrapper\gradle-wrapper.jar
Launcher Type: SUN_STANDARD

[Global flags]
     intx CICompilerCount                          = 4                                         {product} {ergonomic}
     uint ConcGCThreads                            = 2                                         {product} {ergonomic}
     uint G1ConcRefinementThreads                  = 8                                         {product} {ergonomic}
   size_t G1HeapRegionSize                         = 1048576                                   {product} {ergonomic}
    uintx GCDrainStackTargetSize                   = 64                                        {product} {ergonomic}
   size_t InitialHeapSize                          = 132120576                                 {product} {ergonomic}
   size_t MarkStackSize                            = 4194304                                   {product} {ergonomic}
   size_t MaxHeapSize                              = 2099249152                                {product} {ergonomic}
   size_t MaxNewSize                               = 1259339776                                {product} {ergonomic}
   size_t MinHeapDeltaBytes                        = 1048576                                   {product} {ergonomic}
    uintx NonNMethodCodeHeapSize                   = 5836300                                {pd product} {ergonomic}
    uintx NonProfiledCodeHeapSize                  = 122910970                              {pd product} {ergonomic}
    uintx ProfiledCodeHeapSize                     = 122910970                              {pd product} {ergonomic}
    uintx ReservedCodeCacheSize                    = 251658240                              {pd product} {ergonomic}
     bool SegmentedCodeCache                       = true                                      {product} {ergonomic}
     bool UseCompressedClassPointers               = true                                 {lp64_product} {ergonomic}
     bool UseCompressedOops                        = true                                 {lp64_product} {ergonomic}
     bool UseG1GC                                  = true                                      {product} {ergonomic}
     bool UseLargePagesIndividualAllocation        = false                                  {pd product} {ergonomic}

Logging:
Log output configuration:
 #0: stdout all=warning uptime,level,tags
 #1: stderr all=off uptime,level,tags

Environment Variables:
JAVA_HOME=C:\Users\BHARAT\AppData\Local\Programs\AdoptOpenJDK\
CLASSPATH=D:\Flutter Projects\i_am_rich\android\\gradle\wrapper\gradle-wrapper.jar
PATH=C:\Program Files (x86)\Java\jre1.8.0_261\bin;C:\Program Files (x86)\Common Files\Oracle\Java\javapath;C:\Windows\system32;C:\Windows;C:\Windows\System32\Wbem;C:\Windows\System32\WindowsPowerShell\v1.0\;C:\Windows\System32\OpenSSH\;C:\Program Files (x86)\NVIDIA Corporation\PhysX\Common;C:\Program Files\Java\jre1.8.0_261\bin;C:\Program Files\Git\cmd;C:\Users\BHARAT\AppData\Local\Microsoft\WindowsApps;C:\Program Files (x86)\mingw-w64\i686-8.1.0-posix-dwarf-rt_v6-rev0\mingw32\bin;C:\Users\BHARAT\AppData\Local\Programs\Microsoft VS Code\bin;C:\Program Files\Java\jdk1.8.0_261\bin;C:\Program Files\JetBrains\IntelliJ IDEA Community Edition 2020.2\bin;;C:\src\flutter\bin;;C:\src\flutter\bin\mingit\cmd
USERNAME=BHARAT
OS=Windows_NT
PROCESSOR_IDENTIFIER=Intel64 Family 6 Model 142 Stepping 12, GenuineIntel



---------------  S Y S T E M  ---------------

OS: Windows 10 , 64 bit Build 18362 (10.0.18362.1500)
OS uptime: 4 days 4:55 hours

CPU:total 8 (initial active 8) (4 cores per cpu, 2 threads per core) family 6 model 142 stepping 12, cmov, cx8, fxsr, mmx, sse, sse2, sse3, ssse3, sse4.1, sse4.2, popcnt, avx, avx2, aes, clmul, erms, 3dnowpref, lzcnt, ht, tsc, tscinvbit, bmi1, bmi2, adx, fma

Memory: 4k page, system-wide physical 8001M (333M free)
TotalPageFile size 16670M (AvailPageFile size 1M)
current process WorkingSet (physical memory assigned to process): 72M, peak: 72M
current process commit charge ("private bytes"): 219M, peak: 219M

vm_info: OpenJDK 64-Bit Server VM (11.0.8+10) for windows-amd64 JRE (11.0.8+10), built on Jul 15 2020 11:45:54 by "" with MS VC++ 15.9 (VS2017)

END.
